c:\users\taker\documents\github\recruit\directxproject\x64\debug\vc141.pdb
c:\users\taker\documents\github\recruit\directxproject\x64\debug\vc141.idb
c:\users\taker\documents\github\recruit\directxproject\x64\debug\game.obj
c:\users\taker\documents\github\recruit\directxproject\x64\debug\renderpipeline.obj
c:\users\taker\documents\github\recruit\directxproject\x64\debug\objmodel.obj
c:\users\taker\documents\github\recruit\directxproject\x64\debug\mmdmodel.obj
c:\users\taker\documents\github\recruit\directxproject\x64\debug\light.obj
c:\users\taker\documents\github\recruit\directxproject\x64\debug\level.obj
c:\users\taker\documents\github\recruit\directxproject\x64\debug\gamekeybind.obj
c:\users\taker\documents\github\recruit\directxproject\x64\debug\talk.obj
c:\users\taker\documents\github\recruit\directxproject\x64\debug\eventmgr.obj
c:\users\taker\documents\github\recruit\directxproject\x64\debug\renderer3d.obj
c:\users\taker\documents\github\recruit\directxproject\x64\debug\renderer2d.obj
c:\users\taker\documents\github\recruit\directxproject\x64\debug\billboardrenderer.obj
c:\users\taker\documents\github\recruit\directxproject\x64\debug\object.obj
c:\users\taker\documents\github\recruit\directxproject\x64\debug\image.obj
c:\users\taker\documents\github\recruit\directxproject\x64\debug\eventtrigger.obj
c:\users\taker\documents\github\recruit\directxproject\x64\debug\event.obj
c:\users\taker\documents\github\recruit\directxproject\x64\debug\player.obj
c:\users\taker\documents\github\recruit\directxproject\x64\debug\masterwitch.obj
c:\users\taker\documents\github\recruit\directxproject\x64\debug\character.obj
c:\users\taker\documents\github\recruit\directxproject\x64\debug\camera.obj
c:\users\taker\documents\github\recruit\directxproject\x64\debug\messagewindow.obj
c:\users\taker\documents\github\recruit\directxproject\x64\debug\sound.obj
c:\users\taker\documents\github\recruit\directxproject\x64\debug\shader.obj
c:\users\taker\documents\github\recruit\directxproject\x64\debug\rendertarget.obj
c:\users\taker\documents\github\recruit\directxproject\x64\debug\objparser.obj
c:\users\taker\documents\github\recruit\directxproject\x64\debug\mouse.obj
c:\users\taker\documents\github\recruit\directxproject\x64\debug\mmdparser.obj
c:\users\taker\documents\github\recruit\directxproject\x64\debug\loadfiles.obj
c:\users\taker\documents\github\recruit\directxproject\x64\debug\input.obj
c:\users\taker\documents\github\recruit\directxproject\x64\debug\geometory.obj
c:\users\taker\documents\github\recruit\directxproject\x64\debug\drawbuffer.obj
c:\users\taker\documents\github\recruit\directxproject\x64\debug\directx.obj
c:\users\taker\documents\github\recruit\directxproject\x64\debug\debuglog.obj
c:\users\taker\documents\github\recruit\directxproject\x64\debug\collision.obj
c:\users\taker\documents\github\recruit\directxproject\x64\debug\clocker.obj
c:\users\taker\documents\github\recruit\directxproject\x64\debug\startup.obj
c:\users\taker\documents\github\recruit\directxproject\x64\debug\shaderbuffer.obj
c:\users\taker\documents\github\recruit\directxproject\x64\debug\mymath.obj
c:\users\taker\documents\github\recruit\directxproject\x64\debug\texanimation.obj
c:\users\taker\documents\github\recruit\directxproject\x64\debug\scenemgr.obj
c:\users\taker\documents\github\recruit\directxproject\x64\debug\texture.obj
c:\users\taker\documents\github\recruit\directxproject\x64\debug\meshdata.obj
c:\users\taker\documents\github\recruit\directxproject\x64\debug\mesh.obj
c:\users\taker\documents\github\recruit\directxproject\x64\debug\collider.obj
c:\users\taker\documents\github\recruit\directxproject\x64\debug\transform.obj
c:\users\taker\documents\github\recruit\directxproject\assets\psbackbuffer.cso
c:\users\taker\documents\github\recruit\directxproject\assets\psblur.cso
c:\users\taker\documents\github\recruit\directxproject\assets\pscameradepth.cso
c:\users\taker\documents\github\recruit\directxproject\assets\pslightdepth.cso
c:\users\taker\documents\github\recruit\directxproject\assets\vsanimation.cso
c:\users\taker\documents\github\recruit\directxproject\assets\vscameradepth.cso
c:\users\taker\documents\github\recruit\directxproject\assets\vslightdepth.cso
c:\users\taker\documents\github\recruit\directxproject\assets\vsdummy.cso
c:\users\taker\documents\github\recruit\directxproject\assets\psgrass.cso
c:\users\taker\documents\github\recruit\directxproject\assets\pslambert.cso
c:\users\taker\documents\github\recruit\directxproject\assets\vsoutline.cso
c:\users\taker\documents\github\recruit\directxproject\assets\pswater.cso
c:\users\taker\documents\github\recruit\directxproject\assets\pspixelcolor.cso
c:\users\taker\documents\github\recruit\directxproject\assets\psnormal.cso
c:\users\taker\documents\github\recruit\directxproject\assets\psscope.cso
c:\users\taker\documents\github\recruit\directxproject\assets\pstoon.cso
c:\users\taker\documents\github\recruit\directxproject\assets\pstoonshadow.cso
c:\users\taker\documents\github\recruit\directxproject\assets\vsnormal.cso
c:\users\taker\documents\github\recruit\directxproject\assets\psworld.cso
c:\users\taker\documents\github\recruit\directxproject\assets\vswater.cso
c:\users\taker\documents\github\recruit\directxproject\assets\psfade.cso
c:\users\taker\documents\github\recruit\x64\debug\directxproject.exe
c:\users\taker\documents\github\recruit\x64\debug\directxproject.ilk
c:\users\taker\documents\github\recruit\x64\debug\directxproject.pdb
c:\users\taker\documents\github\recruit\directxproject\x64\debug\delegate.obj
c:\users\taker\documents\github\recruit\directxproject\x64\debug\factorymethod.obj
c:\users\taker\documents\github\recruit\directxproject\x64\debug\fbxloadanimation.obj
c:\users\taker\documents\github\recruit\directxproject\x64\debug\fbxloadbone.obj
c:\users\taker\documents\github\recruit\directxproject\x64\debug\fbxloader.obj
c:\users\taker\documents\github\recruit\directxproject\x64\debug\fbxloadmaterial.obj
c:\users\taker\documents\github\recruit\directxproject\x64\debug\fbxloadmesh.obj
c:\users\taker\documents\github\recruit\directxproject\x64\debug\fbxmodel.obj
c:\users\taker\documents\github\recruit\directxproject\x64\debug\parallellightmgr.obj
c:\users\taker\documents\github\recruit\directxproject\x64\debug\renderer.obj
c:\users\taker\documents\github\recruit\directxproject\x64\debug\directxproject.tlog\cl.command.1.tlog
c:\users\taker\documents\github\recruit\directxproject\x64\debug\directxproject.tlog\cl.read.1.tlog
c:\users\taker\documents\github\recruit\directxproject\x64\debug\directxproject.tlog\cl.write.1.tlog
c:\users\taker\documents\github\recruit\directxproject\x64\debug\directxproject.tlog\fxc.command.1.tlog
c:\users\taker\documents\github\recruit\directxproject\x64\debug\directxproject.tlog\fxc.read.1.tlog
c:\users\taker\documents\github\recruit\directxproject\x64\debug\directxproject.tlog\fxc.write.1.tlog
c:\users\taker\documents\github\recruit\directxproject\x64\debug\directxproject.tlog\link.command.1.tlog
c:\users\taker\documents\github\recruit\directxproject\x64\debug\directxproject.tlog\link.read.1.tlog
c:\users\taker\documents\github\recruit\directxproject\x64\debug\directxproject.tlog\link.write.1.tlog
