  Character.cpp
  MasterWitch.cpp
  Player.cpp
  MagicBall.cpp
  MagicRazer.cpp
  BillBoardRenderer.cpp
  Renderer2D.cpp
  Renderer3D.cpp
  FactoryMethod.cpp
  Scene_Level_Fade.cpp
  LV_Cow.cpp
  LV_MasterWitch.cpp
  LV_StageBranch.cpp
  RenderPipeline.cpp
  GameScene.cpp
  SceneBase.cpp
  SceneMgr.cpp
  TitleScene.cpp
  MessageWindow.cpp
c:\users\taker\desktop\mygame\recruit\directxproject\app\renderpipeline.cpp(128): warning C4244: '引数': 'int' から 'float' への変換です。データが失われる可能性があります。
c:\users\taker\desktop\mygame\recruit\directxproject\app\scene\scenemgr.cpp(126): warning C4244: '引数': 'double' から 'const float' への変換です。データが失われる可能性があります。
  DirectXProject.vcxproj -> C:\Users\taker\Desktop\MyGame\Recruit\x64\Debug\DirectXProject.exe
