c:\users\taker\downloads\directxproject\directxproject\directxproject\directxproject\x64\release\vc141.pdb
c:\users\taker\downloads\directxproject\directxproject\directxproject\directxproject\x64\release\texture.obj
c:\users\taker\downloads\directxproject\directxproject\directxproject\directxproject\x64\release\shader.obj
c:\users\taker\downloads\directxproject\directxproject\directxproject\directxproject\x64\release\input.obj
c:\users\taker\downloads\directxproject\directxproject\directxproject\directxproject\x64\release\geometory.obj
c:\users\taker\downloads\directxproject\directxproject\directxproject\directxproject\x64\release\fbxparser.obj
c:\users\taker\downloads\directxproject\directxproject\directxproject\directxproject\x64\release\drawbuffer.obj
c:\users\taker\downloads\directxproject\directxproject\directxproject\directxproject\x64\release\directx.obj
c:\users\taker\downloads\directxproject\directxproject\directxproject\directxproject\x64\release\startup.obj
c:\users\taker\downloads\directxproject\directxproject\directxproject\directxproject\x64\release\model.obj
c:\users\taker\downloads\directxproject\directxproject\directxproject\directxproject\x64\release\main.obj
c:\users\taker\downloads\directxproject\directxproject\directxproject\directxproject\x64\release\camera.obj
c:\users\taker\downloads\directxproject\directxproject\directxproject\directxproject\x64\release\shaderbuffer.obj
c:\users\taker\desktop\directxproject\directxproject\directxproject\directxproject\x64\release\vc141.pdb
c:\users\taker\desktop\directxproject\directxproject\directxproject\directxproject\x64\release\texture.obj
c:\users\taker\desktop\directxproject\directxproject\directxproject\directxproject\x64\release\shader.obj
c:\users\taker\desktop\directxproject\directxproject\directxproject\directxproject\x64\release\input.obj
c:\users\taker\desktop\directxproject\directxproject\directxproject\directxproject\x64\release\geometory.obj
c:\users\taker\desktop\directxproject\directxproject\directxproject\directxproject\x64\release\fbxparser.obj
c:\users\taker\desktop\directxproject\directxproject\directxproject\directxproject\x64\release\drawbuffer.obj
c:\users\taker\desktop\directxproject\directxproject\directxproject\directxproject\x64\release\directx.obj
c:\users\taker\desktop\directxproject\directxproject\directxproject\directxproject\x64\release\startup.obj
c:\users\taker\desktop\directxproject\directxproject\directxproject\directxproject\x64\release\shaderbuffer.obj
c:\users\taker\desktop\directxproject\directxproject\directxproject\directxproject\x64\release\model.obj
c:\users\taker\desktop\directxproject\directxproject\directxproject\directxproject\x64\release\main.obj
c:\users\taker\desktop\directxproject\directxproject\directxproject\directxproject\x64\release\camera.obj
c:\users\taker\desktop\directxproject\directxproject\directxproject\directxproject\x64\release\stage1.obj
c:\users\taker\desktop\directxproject\directxproject\directxproject\directxproject\x64\release\menu.obj
c:\users\taker\desktop\directxproject\directxproject\directxproject\directxproject\x64\release\game.obj
c:\users\taker\desktop\directxproject\directxproject\directxproject\directxproject\x64\release\objmodel.obj
c:\users\taker\desktop\directxproject\directxproject\directxproject\directxproject\x64\release\mmdmodel.obj
c:\users\taker\desktop\directxproject\directxproject\directxproject\directxproject\x64\release\light.obj
c:\users\taker\desktop\directxproject\directxproject\directxproject\directxproject\x64\release\vision.obj
c:\users\taker\desktop\directxproject\directxproject\directxproject\directxproject\x64\release\renderer2d.obj
c:\users\taker\desktop\directxproject\directxproject\directxproject\directxproject\x64\release\renderer.obj
c:\users\taker\desktop\directxproject\directxproject\directxproject\directxproject\x64\release\player.obj
c:\users\taker\desktop\directxproject\directxproject\directxproject\directxproject\x64\release\object.obj
c:\users\taker\desktop\directxproject\directxproject\directxproject\directxproject\x64\release\land.obj
c:\users\taker\desktop\directxproject\directxproject\directxproject\directxproject\x64\release\gun.obj
c:\users\taker\desktop\directxproject\directxproject\directxproject\directxproject\x64\release\collider.obj
c:\users\taker\desktop\directxproject\directxproject\directxproject\directxproject\x64\release\bullet.obj
c:\users\taker\desktop\directxproject\directxproject\directxproject\directxproject\x64\release\bear.obj
c:\users\taker\desktop\directxproject\directxproject\directxproject\directxproject\x64\release\audiosource.obj
c:\users\taker\desktop\directxproject\directxproject\directxproject\directxproject\x64\release\audiolistener.obj
c:\users\taker\desktop\directxproject\directxproject\directxproject\directxproject\x64\release\boxel.obj
c:\users\taker\desktop\directxproject\directxproject\directxproject\directxproject\x64\release\visioncollision.obj
c:\users\taker\desktop\directxproject\directxproject\directxproject\directxproject\x64\release\rendertargetmgr.obj
c:\users\taker\desktop\directxproject\directxproject\directxproject\directxproject\x64\release\rendertarget.obj
c:\users\taker\desktop\directxproject\directxproject\directxproject\directxproject\x64\release\objparser.obj
c:\users\taker\desktop\directxproject\directxproject\directxproject\directxproject\x64\release\mmdparser.obj
c:\users\taker\desktop\directxproject\directxproject\directxproject\directxproject\x64\release\collision.obj
c:\users\taker\desktop\directxproject\directxproject\directxproject\directxproject\x64\release\audiomgr.obj
c:\users\taker\desktop\directxproject\directxproject\directxproject\directxproject\x64\release\shopmgr.obj
c:\users\taker\desktop\directxproject\directxproject\directxproject\directxproject\x64\release\mymath.obj
c:\users\taker\desktop\directxproject\directxproject\directxproject\directxproject\x64\release\title.obj
c:\users\taker\downloads\directxproject\directxproject\directxproject\x64\release\directxproject.ipdb
c:\users\taker\downloads\directxproject\directxproject\directxproject\x64\release\directxproject.iobj
c:\users\taker\desktop\directxproject\directxproject\directxproject\x64\release\directxproject.ipdb
c:\users\taker\desktop\directxproject\directxproject\directxproject\x64\release\directxproject.iobj
c:\users\taker\downloads\directxproject\directxproject\directxproject\x64\release\blurps.cso
c:\users\taker\downloads\directxproject\directxproject\directxproject\x64\release\depthps.cso
c:\users\taker\downloads\directxproject\directxproject\directxproject\x64\release\depthvs.cso
c:\users\taker\downloads\directxproject\directxproject\directxproject\x64\release\dummyvs.cso
c:\users\taker\downloads\directxproject\directxproject\directxproject\x64\release\grassps.cso
c:\users\taker\downloads\directxproject\directxproject\directxproject\x64\release\lambertps.cso
c:\users\taker\downloads\directxproject\directxproject\directxproject\x64\release\outlinevs.cso
c:\users\taker\downloads\directxproject\directxproject\directxproject\x64\release\phongps.cso
c:\users\taker\downloads\directxproject\directxproject\directxproject\x64\release\pixelcolorps.cso
c:\users\taker\downloads\directxproject\directxproject\directxproject\x64\release\scopeps.cso
c:\users\taker\downloads\directxproject\directxproject\directxproject\x64\release\toonps.cso
c:\users\taker\downloads\directxproject\directxproject\directxproject\x64\release\worldps.cso
c:\users\taker\downloads\directxproject\directxproject\directxproject\x64\release\vertexshader.cso
c:\users\taker\downloads\directxproject\directxproject\directxproject\x64\release\pixelshader.cso
c:\users\taker\desktop\directxproject\directxproject\directxproject\x64\release\blurps.cso
c:\users\taker\desktop\directxproject\directxproject\directxproject\x64\release\depthps.cso
c:\users\taker\desktop\directxproject\directxproject\directxproject\x64\release\depthvs.cso
c:\users\taker\desktop\directxproject\directxproject\directxproject\x64\release\dummyvs.cso
c:\users\taker\desktop\directxproject\directxproject\directxproject\x64\release\grassps.cso
c:\users\taker\desktop\directxproject\directxproject\directxproject\x64\release\lambertps.cso
c:\users\taker\desktop\directxproject\directxproject\directxproject\x64\release\outlinevs.cso
c:\users\taker\desktop\directxproject\directxproject\directxproject\x64\release\phongps.cso
c:\users\taker\desktop\directxproject\directxproject\directxproject\x64\release\pixelcolorps.cso
c:\users\taker\desktop\directxproject\directxproject\directxproject\x64\release\pixelshader.cso
c:\users\taker\desktop\directxproject\directxproject\directxproject\x64\release\scopeps.cso
c:\users\taker\desktop\directxproject\directxproject\directxproject\x64\release\toonps.cso
c:\users\taker\desktop\directxproject\directxproject\directxproject\x64\release\vertexshader.cso
c:\users\taker\desktop\directxproject\directxproject\directxproject\x64\release\worldps.cso
c:\users\taker\downloads\directxproject\directxproject\directxproject\x64\release\directxproject.exe
c:\users\taker\downloads\directxproject\directxproject\directxproject\x64\release\directxproject.pdb
c:\users\taker\desktop\directxproject\directxproject\directxproject\x64\release\directxproject.exe
c:\users\taker\desktop\directxproject\directxproject\directxproject\x64\release\directxproject.pdb
c:\users\taker\desktop\directxproject\directxproject\directxproject\directxproject\x64\release\directxproject.tlog\cl.command.1.tlog
c:\users\taker\desktop\directxproject\directxproject\directxproject\directxproject\x64\release\directxproject.tlog\cl.read.1.tlog
c:\users\taker\desktop\directxproject\directxproject\directxproject\directxproject\x64\release\directxproject.tlog\cl.write.1.tlog
c:\users\taker\desktop\directxproject\directxproject\directxproject\directxproject\x64\release\directxproject.tlog\directxproject.write.1u.tlog
c:\users\taker\desktop\directxproject\directxproject\directxproject\directxproject\x64\release\directxproject.tlog\fxc.command.1.tlog
c:\users\taker\desktop\directxproject\directxproject\directxproject\directxproject\x64\release\directxproject.tlog\fxc.read.1.tlog
c:\users\taker\desktop\directxproject\directxproject\directxproject\directxproject\x64\release\directxproject.tlog\fxc.write.1.tlog
c:\users\taker\desktop\directxproject\directxproject\directxproject\directxproject\x64\release\directxproject.tlog\link.command.1.tlog
c:\users\taker\desktop\directxproject\directxproject\directxproject\directxproject\x64\release\directxproject.tlog\link.read.1.tlog
c:\users\taker\desktop\directxproject\directxproject\directxproject\directxproject\x64\release\directxproject.tlog\link.write.1.tlog
